<?xml version="1.0" encoding="UTF-8"?>
<!-- Generated by org.testng.reporters.JUnitXMLReporter -->
<testsuite hostname="ADMIN-PC" ignored="0" name="Free CRM App" tests="2" failures="0" timestamp="2020-08-30T19:15:32 IST" time="9.448" errors="0">
  <testcase name="@BeforeClass Initalize" time="9.052" classname="com.crn.qa.base.TestBase">
    <failure type="org.openqa.selenium.InvalidArgumentException" message="invalid argument: &amp;apos;firstMatch&amp;apos; must contain at least one entry
Build info: version: &amp;apos;3.6.0&amp;apos;, revision: &amp;apos;6fbf3ec767&amp;apos;, time: &amp;apos;2017-09-27T15:28:36.4Z&amp;apos;
System info: host: &amp;apos;ADMIN-PC&amp;apos;, ip: &amp;apos;192.168.47.1&amp;apos;, os.name: &amp;apos;Windows 7&amp;apos;, os.arch: &amp;apos;amd64&amp;apos;, os.version: &amp;apos;6.1&amp;apos;, java.version: &amp;apos;1.8.0_131&amp;apos;
Driver info: driver.version: ChromeDriver
remote stacktrace: Backtrace:
	Ordinal0 [0x005487E3+2852835]
	Ordinal0 [0x00435BB1+1727409]
	Ordinal0 [0x0030E4B9+517305]
	Ordinal0 [0x002BCEB5+183989]
	Ordinal0 [0x002BC987+182663]
	Ordinal0 [0x002BD890+186512]
	Ordinal0 [0x002BD7FD+186365]
	Ordinal0 [0x002BB70B+177931]
	Ordinal0 [0x002A2584+75140]
	Ordinal0 [0x002A3650+79440]
	Ordinal0 [0x002A35E9+79337]
	Ordinal0 [0x0044AD5C+1813852]
	GetHandleVerifier [0x0066C616+1075574]
	GetHandleVerifier [0x0066C367+1074887]
	GetHandleVerifier [0x00677497+1120247]
	GetHandleVerifier [0x0066CC16+1077110]
	Ordinal0 [0x00443206+1782278]
	Ordinal0 [0x0044C3BB+1819579]
	Ordinal0 [0x0044C523+1819939]
	Ordinal0 [0x00462B45+1911621]
	BaseThreadInitThunk [0x76D1343D+18]
	RtlInitializeExceptionChain [0x775C9812+99]
	RtlInitializeExceptionChain [0x775C97E5+54]
">
      <![CDATA[org.openqa.selenium.InvalidArgumentException: invalid argument: 'firstMatch' must contain at least one entry
Build info: version: '3.6.0', revision: '6fbf3ec767', time: '2017-09-27T15:28:36.4Z'
System info: host: 'ADMIN-PC', ip: '192.168.47.1', os.name: 'Windows 7', os.arch: 'amd64', os.version: '6.1', java.version: '1.8.0_131'
Driver info: driver.version: ChromeDriver
remote stacktrace: Backtrace:
Ordinal0 [0x005487E3+2852835]
Ordinal0 [0x00435BB1+1727409]
Ordinal0 [0x0030E4B9+517305]
Ordinal0 [0x002BCEB5+183989]
Ordinal0 [0x002BC987+182663]
Ordinal0 [0x002BD890+186512]
Ordinal0 [0x002BD7FD+186365]
Ordinal0 [0x002BB70B+177931]
Ordinal0 [0x002A2584+75140]
Ordinal0 [0x002A3650+79440]
Ordinal0 [0x002A35E9+79337]
Ordinal0 [0x0044AD5C+1813852]
GetHandleVerifier [0x0066C616+1075574]
GetHandleVerifier [0x0066C367+1074887]
GetHandleVerifier [0x00677497+1120247]
GetHandleVerifier [0x0066CC16+1077110]
Ordinal0 [0x00443206+1782278]
Ordinal0 [0x0044C3BB+1819579]
Ordinal0 [0x0044C523+1819939]
Ordinal0 [0x00462B45+1911621]
BaseThreadInitThunk [0x76D1343D+18]
RtlInitializeExceptionChain [0x775C9812+99]
RtlInitializeExceptionChain [0x775C97E5+54]

at org.openqa.selenium.remote.W3CHandshakeResponse.lambda$new$0(W3CHandshakeResponse.java:57)
at org.openqa.selenium.remote.W3CHandshakeResponse.lambda$getResponseFunction$2(W3CHandshakeResponse.java:104)
at org.openqa.selenium.remote.ProtocolHandshake.lambda$createSession$24(ProtocolHandshake.java:359)
at java.util.stream.ReferencePipeline$3$1.accept(ReferencePipeline.java:193)
at java.util.Spliterators$ArraySpliterator.tryAdvance(Spliterators.java:958)
at java.util.stream.ReferencePipeline.forEachWithCancel(ReferencePipeline.java:126)
at java.util.stream.AbstractPipeline.copyIntoWithCancel(AbstractPipeline.java:498)
at java.util.stream.AbstractPipeline.copyInto(AbstractPipeline.java:485)
at java.util.stream.AbstractPipeline.wrapAndCopyInto(AbstractPipeline.java:471)
at java.util.stream.FindOps$FindOp.evaluateSequential(FindOps.java:152)
at java.util.stream.AbstractPipeline.evaluate(AbstractPipeline.java:234)
at java.util.stream.ReferencePipeline.findFirst(ReferencePipeline.java:464)
at org.openqa.selenium.remote.ProtocolHandshake.createSession(ProtocolHandshake.java:362)
at org.openqa.selenium.remote.ProtocolHandshake.createSession(ProtocolHandshake.java:136)
at org.openqa.selenium.remote.HttpCommandExecutor.execute(HttpCommandExecutor.java:142)
at org.openqa.selenium.remote.service.DriverCommandExecutor.execute(DriverCommandExecutor.java:83)
at org.openqa.selenium.remote.RemoteWebDriver.execute(RemoteWebDriver.java:586)
at org.openqa.selenium.remote.RemoteWebDriver.startSession(RemoteWebDriver.java:217)
at org.openqa.selenium.remote.RemoteWebDriver.<init>(RemoteWebDriver.java:140)
at org.openqa.selenium.chrome.ChromeDriver.<init>(ChromeDriver.java:181)
at org.openqa.selenium.chrome.ChromeDriver.<init>(ChromeDriver.java:147)
at com.crn.qa.base.TestBase.Initalize(TestBase.java:43)
at java.util.ArrayList.forEach(ArrayList.java:1249)
... Removed 29 stack frames]]>
    </failure>
  </testcase> <!-- @BeforeClass Initalize -->
  <testcase name="loginTest" time="0.0" classname="com.crm.qa.testcases.LoginPageTest">
    <skipped/>
  </testcase> <!-- loginTest -->
  <testcase name="verifytitleTest" time="0.0" classname="com.crm.qa.testcases.LoginPageTest">
    <skipped/>
  </testcase> <!-- verifytitleTest -->
</testsuite> <!-- Free CRM App -->
